<?xml version="1.0" encoding="UTF-8"?>
<testsuite xmlns:xsi="http://www.w3.org/2001/XMLSchema-instance" xsi:noNamespaceSchemaLocation="https://maven.apache.org/surefire/maven-surefire-plugin/xsd/surefire-test-report-3.0.xsd" version="3.0" name="PontoControllerTest" time="0.159" tests="2" errors="0" skipped="0" failures="1">
  <properties>
[...]
</properties>
  <testcase name="testRegistrarEntrada" classname="PontoControllerTest" time="0.087">
    <failure message="A saída não deve ser registrada ainda. ==&gt; expected: &lt;null&gt; but was: &lt;2024-10-04T14:52:08.661279200&gt;" type="org.opentest4j.AssertionFailedError"><![CDATA[org.opentest4j.AssertionFailedError: A saída não deve ser registrada ainda. ==> expected: <null> but was: <2024-10-04T14:52:08.661279200>
	at org.junit.jupiter.api.AssertionFailureBuilder.build(AssertionFailureBuilder.java:151)
	at org.junit.jupiter.api.AssertionFailureBuilder.buildAndThrow(AssertionFailureBuilder.java:132)
	at org.junit.jupiter.api.AssertNull.failNotNull(AssertNull.java:50)
	at org.junit.jupiter.api.AssertNull.assertNull(AssertNull.java:35)
	at org.junit.jupiter.api.Assertions.assertNull(Assertions.java:287)
	at PontoControllerTest.testRegistrarEntrada(PontoControllerTest.java:30)
	at java.base/java.lang.reflect.Method.invoke(Method.java:568)
	at java.base/java.util.ArrayList.forEach(ArrayList.java:1511)
	at java.base/java.util.ArrayList.forEach(ArrayList.java:1511)
]]></failure>
    <system-out><![CDATA[Entrada registrada para o funcionário ID: 1
Ponto registrado na entrada: com.rh.management.models.Ponto@38c6f217
]]></system-out>
  </testcase>
  <testcase name="testRegistrarSaida" classname="PontoControllerTest" time="0.033">
    <system-out><![CDATA[Entrada registrada para o funcionário ID: 2
Saída registrada para o funcionário ID: 2
Ponto registrado na saída: com.rh.management.models.Ponto@2d3379b4
]]></system-out>
  </testcase>
</testsuite>